2020-02-13 13:25:37,433 INFO o.a.j.u.JMeterUtils: Setting Locale to zh_CN
2020-02-13 13:25:37,444 INFO o.a.j.JMeter: Loading user properties from: user.properties
2020-02-13 13:25:37,444 INFO o.a.j.JMeter: Loading system properties from: system.properties
2020-02-13 13:25:37,448 INFO o.a.j.JMeter: Copyright (c) 1998-2019 The Apache Software Foundation
2020-02-13 13:25:37,448 INFO o.a.j.JMeter: Version 5.1.1 r1855137
2020-02-13 13:25:37,448 INFO o.a.j.JMeter: java.version=1.8.0_221
2020-02-13 13:25:37,448 INFO o.a.j.JMeter: java.vm.name=Java HotSpot(TM) 64-Bit Server VM
2020-02-13 13:25:37,448 INFO o.a.j.JMeter: os.name=Windows 10
2020-02-13 13:25:37,448 INFO o.a.j.JMeter: os.arch=amd64
2020-02-13 13:25:37,448 INFO o.a.j.JMeter: os.version=10.0
2020-02-13 13:25:37,448 INFO o.a.j.JMeter: file.encoding=GBK
2020-02-13 13:25:37,448 INFO o.a.j.JMeter: java.awt.headless=null
2020-02-13 13:25:37,448 INFO o.a.j.JMeter: Max memory     =3787980800
2020-02-13 13:25:37,448 INFO o.a.j.JMeter: Available Processors =12
2020-02-13 13:25:37,453 INFO o.a.j.JMeter: Default Locale=中文 (中国)
2020-02-13 13:25:37,453 INFO o.a.j.JMeter: JMeter  Locale=中文 (中国)
2020-02-13 13:25:37,453 INFO o.a.j.JMeter: JMeterHome=D:\apache-jmeter-5.1.1
2020-02-13 13:25:37,453 INFO o.a.j.JMeter: user.dir  =D:\apache-jmeter-5.1.1\bin
2020-02-13 13:25:37,453 INFO o.a.j.JMeter: PWD       =D:\apache-jmeter-5.1.1\bin
2020-02-13 13:25:37,456 INFO o.a.j.JMeter: IP: 10.14.23.156 Name: DESKTOP-DP6GTV0 FullName: DESKTOP-DP6GTV0
2020-02-13 13:25:37,575 INFO o.a.j.g.a.LookAndFeelCommand: Installing Darcula LAF
2020-02-13 13:25:37,584 INFO o.a.j.g.a.LookAndFeelCommand: Using look and feel: com.bulenkov.darcula.DarculaLaf [Darcula]
2020-02-13 13:25:37,585 INFO o.a.j.JMeter: Setting LAF to: com.bulenkov.darcula.DarculaLaf
2020-02-13 13:25:37,621 INFO o.a.j.JMeter: Loaded icon properties from org/apache/jmeter/images/icon.properties
2020-02-13 13:25:39,548 WARN o.a.j.g.u.MenuFactory: Could not instantiate class: kg.apc.jmeter.reporters.LoadosophiaUploaderGui
java.lang.reflect.InvocationTargetException: null
	at sun.reflect.NativeConstructorAccessorImpl.newInstance0(Native Method) ~[?:1.8.0_221]
	at sun.reflect.NativeConstructorAccessorImpl.newInstance(Unknown Source) ~[?:1.8.0_221]
	at sun.reflect.DelegatingConstructorAccessorImpl.newInstance(Unknown Source) ~[?:1.8.0_221]
	at java.lang.reflect.Constructor.newInstance(Unknown Source) ~[?:1.8.0_221]
	at org.apache.jmeter.gui.util.MenuFactory.getGUIComponent(MenuFactory.java:174) ~[ApacheJMeter_core.jar:5.1.1 r1855137]
	at org.apache.jmeter.gui.util.MenuFactory.initializeMenus(MenuFactory.java:141) ~[ApacheJMeter_core.jar:5.1.1 r1855137]
	at org.apache.jmeter.gui.util.MenuFactory.<clinit>(MenuFactory.java:106) ~[ApacheJMeter_core.jar:5.1.1 r1855137]
	at org.apache.jmeter.control.gui.TestPlanGui.createPopupMenu(TestPlanGui.java:92) ~[ApacheJMeter_core.jar:5.1.1 r1855137]
	at org.apache.jmeter.gui.tree.JMeterTreeNode.createPopupMenu(JMeterTreeNode.java:185) ~[ApacheJMeter_core.jar:5.1.1 r1855137]
	at org.apache.jmeter.gui.action.EditCommand.doAction(EditCommand.java:46) ~[ApacheJMeter_core.jar:5.1.1 r1855137]
	at org.apache.jmeter.gui.action.ActionRouter.performAction(ActionRouter.java:88) ~[ApacheJMeter_core.jar:5.1.1 r1855137]
	at org.apache.jmeter.gui.action.ActionRouter.lambda$actionPerformed$0(ActionRouter.java:70) ~[ApacheJMeter_core.jar:5.1.1 r1855137]
	at java.awt.event.InvocationEvent.dispatch(Unknown Source) [?:1.8.0_221]
	at java.awt.EventQueue.dispatchEventImpl(Unknown Source) [?:1.8.0_221]
	at java.awt.EventQueue.access$500(Unknown Source) [?:1.8.0_221]
	at java.awt.EventQueue$3.run(Unknown Source) [?:1.8.0_221]
	at java.awt.EventQueue$3.run(Unknown Source) [?:1.8.0_221]
	at java.security.AccessController.doPrivileged(Native Method) [?:1.8.0_221]
	at java.security.ProtectionDomain$JavaSecurityAccessImpl.doIntersectionPrivilege(Unknown Source) [?:1.8.0_221]
	at java.awt.EventQueue.dispatchEvent(Unknown Source) [?:1.8.0_221]
	at java.awt.EventDispatchThread.pumpOneEventForFilters(Unknown Source) [?:1.8.0_221]
	at java.awt.EventDispatchThread.pumpEventsForFilter(Unknown Source) [?:1.8.0_221]
	at java.awt.EventDispatchThread.pumpEventsForHierarchy(Unknown Source) [?:1.8.0_221]
	at java.awt.EventDispatchThread.pumpEvents(Unknown Source) [?:1.8.0_221]
	at java.awt.EventDispatchThread.pumpEvents(Unknown Source) [?:1.8.0_221]
	at java.awt.EventDispatchThread.run(Unknown Source) [?:1.8.0_221]
Caused by: java.lang.NoClassDefFoundError: org/apache/commons/httpclient/methods/RequestEntity
	at kg.apc.jmeter.reporters.LoadosophiaUploaderGui.init(LoadosophiaUploaderGui.java:114) ~[jmeter-plugins-standard-1.4.0.jar:?]
	at kg.apc.jmeter.reporters.LoadosophiaUploaderGui.<init>(LoadosophiaUploaderGui.java:28) ~[jmeter-plugins-standard-1.4.0.jar:?]
	... 26 more
Caused by: java.lang.ClassNotFoundException: org.apache.commons.httpclient.methods.RequestEntity
	at java.net.URLClassLoader.findClass(Unknown Source) ~[?:1.8.0_221]
	at java.lang.ClassLoader.loadClass(Unknown Source) ~[?:1.8.0_221]
	at java.lang.ClassLoader.loadClass(Unknown Source) ~[?:1.8.0_221]
	at kg.apc.jmeter.reporters.LoadosophiaUploaderGui.init(LoadosophiaUploaderGui.java:114) ~[jmeter-plugins-standard-1.4.0.jar:?]
	at kg.apc.jmeter.reporters.LoadosophiaUploaderGui.<init>(LoadosophiaUploaderGui.java:28) ~[jmeter-plugins-standard-1.4.0.jar:?]
	... 26 more
2020-02-13 13:25:40,059 INFO o.a.j.p.h.s.HTTPSamplerBase: Parser for text/html is org.apache.jmeter.protocol.http.parser.LagartoBasedHtmlParser
2020-02-13 13:25:40,059 INFO o.a.j.p.h.s.HTTPSamplerBase: Parser for application/xhtml+xml is org.apache.jmeter.protocol.http.parser.LagartoBasedHtmlParser
2020-02-13 13:25:40,059 INFO o.a.j.p.h.s.HTTPSamplerBase: Parser for application/xml is org.apache.jmeter.protocol.http.parser.LagartoBasedHtmlParser
2020-02-13 13:25:40,060 INFO o.a.j.p.h.s.HTTPSamplerBase: Parser for text/xml is org.apache.jmeter.protocol.http.parser.LagartoBasedHtmlParser
2020-02-13 13:25:40,060 INFO o.a.j.p.h.s.HTTPSamplerBase: Parser for text/vnd.wap.wml is org.apache.jmeter.protocol.http.parser.RegexpHTMLParser
2020-02-13 13:25:40,060 INFO o.a.j.p.h.s.HTTPSamplerBase: Parser for text/css is org.apache.jmeter.protocol.http.parser.CssParser
2020-02-13 13:25:40,393 INFO o.a.j.e.KeyToolUtils: keytool found at 'keytool'
2020-02-13 13:25:40,393 INFO o.a.j.p.h.p.ProxyControl: HTTP(S) Test Script Recorder SSL Proxy will use keys that support embedded 3rd party resources in file D:\apache-jmeter-5.1.1\bin\proxyserver.jks
2020-02-13 13:25:40,516 INFO o.a.j.s.FileServer: Default base='D:\apache-jmeter-5.1.1\bin'
2020-02-13 13:25:40,854 WARN o.j.r.Plugin: Unable to load class: kg.apc.cmdtools.ReporterTool
java.lang.NoClassDefFoundError: kg/apc/cmdtools/AbstractCMDTool
	at java.lang.ClassLoader.defineClass1(Native Method) ~[?:1.8.0_221]
	at java.lang.ClassLoader.defineClass(Unknown Source) ~[?:1.8.0_221]
	at java.security.SecureClassLoader.defineClass(Unknown Source) ~[?:1.8.0_221]
	at java.net.URLClassLoader.defineClass(Unknown Source) ~[?:1.8.0_221]
	at java.net.URLClassLoader.access$100(Unknown Source) ~[?:1.8.0_221]
	at java.net.URLClassLoader$1.run(Unknown Source) ~[?:1.8.0_221]
	at java.net.URLClassLoader$1.run(Unknown Source) ~[?:1.8.0_221]
	at java.security.AccessController.doPrivileged(Native Method) ~[?:1.8.0_221]
	at java.net.URLClassLoader.findClass(Unknown Source) ~[?:1.8.0_221]
	at java.lang.ClassLoader.loadClass(Unknown Source) ~[?:1.8.0_221]
	at java.lang.ClassLoader.loadClass(Unknown Source) ~[?:1.8.0_221]
	at org.jmeterplugins.repository.Plugin.getJARPath(Plugin.java:202) [jmeter-plugins-manager-0.20.jar:?]
	at org.jmeterplugins.repository.Plugin.detectInstalledPlugin(Plugin.java:108) [jmeter-plugins-manager-0.20.jar:?]
	at org.jmeterplugins.repository.Plugin.detectInstalled(Plugin.java:97) [jmeter-plugins-manager-0.20.jar:?]
	at org.jmeterplugins.repository.PluginManager.load(PluginManager.java:84) [jmeter-plugins-manager-0.20.jar:?]
	at org.jmeterplugins.repository.PluginManagerMenuItem$1.run(PluginManagerMenuItem.java:41) [jmeter-plugins-manager-0.20.jar:?]
Caused by: java.lang.ClassNotFoundException: kg.apc.cmdtools.AbstractCMDTool
	at java.net.URLClassLoader.findClass(Unknown Source) ~[?:1.8.0_221]
	at java.lang.ClassLoader.loadClass(Unknown Source) ~[?:1.8.0_221]
	at java.lang.ClassLoader.loadClass(Unknown Source) ~[?:1.8.0_221]
	... 16 more
2020-02-13 13:25:40,855 WARN o.j.r.Plugin: Unable to load class: kg.apc.cmdtools.FilterResultsTool
java.lang.NoClassDefFoundError: kg/apc/cmdtools/AbstractCMDTool
	at java.lang.ClassLoader.defineClass1(Native Method) ~[?:1.8.0_221]
	at java.lang.ClassLoader.defineClass(Unknown Source) ~[?:1.8.0_221]
	at java.security.SecureClassLoader.defineClass(Unknown Source) ~[?:1.8.0_221]
	at java.net.URLClassLoader.defineClass(Unknown Source) ~[?:1.8.0_221]
	at java.net.URLClassLoader.access$100(Unknown Source) ~[?:1.8.0_221]
	at java.net.URLClassLoader$1.run(Unknown Source) ~[?:1.8.0_221]
	at java.net.URLClassLoader$1.run(Unknown Source) ~[?:1.8.0_221]
	at java.security.AccessController.doPrivileged(Native Method) ~[?:1.8.0_221]
	at java.net.URLClassLoader.findClass(Unknown Source) ~[?:1.8.0_221]
	at java.lang.ClassLoader.loadClass(Unknown Source) ~[?:1.8.0_221]
	at java.lang.ClassLoader.loadClass(Unknown Source) ~[?:1.8.0_221]
	at org.jmeterplugins.repository.Plugin.getJARPath(Plugin.java:202) [jmeter-plugins-manager-0.20.jar:?]
	at org.jmeterplugins.repository.Plugin.detectInstalledPlugin(Plugin.java:108) [jmeter-plugins-manager-0.20.jar:?]
	at org.jmeterplugins.repository.Plugin.detectInstalled(Plugin.java:97) [jmeter-plugins-manager-0.20.jar:?]
	at org.jmeterplugins.repository.PluginManager.load(PluginManager.java:84) [jmeter-plugins-manager-0.20.jar:?]
	at org.jmeterplugins.repository.PluginManagerMenuItem$1.run(PluginManagerMenuItem.java:41) [jmeter-plugins-manager-0.20.jar:?]
Caused by: java.lang.ClassNotFoundException: kg.apc.cmdtools.AbstractCMDTool
	at java.net.URLClassLoader.findClass(Unknown Source) ~[?:1.8.0_221]
	at java.lang.ClassLoader.loadClass(Unknown Source) ~[?:1.8.0_221]
	at java.lang.ClassLoader.loadClass(Unknown Source) ~[?:1.8.0_221]
	... 16 more
2020-02-13 13:25:40,856 WARN o.j.r.Plugin: Unable to load class: kg.apc.cmdtools.TestPlanCheckTool
java.lang.NoClassDefFoundError: kg/apc/cmdtools/AbstractCMDTool
	at java.lang.ClassLoader.defineClass1(Native Method) ~[?:1.8.0_221]
	at java.lang.ClassLoader.defineClass(Unknown Source) ~[?:1.8.0_221]
	at java.security.SecureClassLoader.defineClass(Unknown Source) ~[?:1.8.0_221]
	at java.net.URLClassLoader.defineClass(Unknown Source) ~[?:1.8.0_221]
	at java.net.URLClassLoader.access$100(Unknown Source) ~[?:1.8.0_221]
	at java.net.URLClassLoader$1.run(Unknown Source) ~[?:1.8.0_221]
	at java.net.URLClassLoader$1.run(Unknown Source) ~[?:1.8.0_221]
	at java.security.AccessController.doPrivileged(Native Method) ~[?:1.8.0_221]
	at java.net.URLClassLoader.findClass(Unknown Source) ~[?:1.8.0_221]
	at java.lang.ClassLoader.loadClass(Unknown Source) ~[?:1.8.0_221]
	at java.lang.ClassLoader.loadClass(Unknown Source) ~[?:1.8.0_221]
	at org.jmeterplugins.repository.Plugin.getJARPath(Plugin.java:202) [jmeter-plugins-manager-0.20.jar:?]
	at org.jmeterplugins.repository.Plugin.detectInstalledPlugin(Plugin.java:108) [jmeter-plugins-manager-0.20.jar:?]
	at org.jmeterplugins.repository.Plugin.detectInstalled(Plugin.java:97) [jmeter-plugins-manager-0.20.jar:?]
	at org.jmeterplugins.repository.PluginManager.load(PluginManager.java:84) [jmeter-plugins-manager-0.20.jar:?]
	at org.jmeterplugins.repository.PluginManagerMenuItem$1.run(PluginManagerMenuItem.java:41) [jmeter-plugins-manager-0.20.jar:?]
Caused by: java.lang.ClassNotFoundException: kg.apc.cmdtools.AbstractCMDTool
	at java.net.URLClassLoader.findClass(Unknown Source) ~[?:1.8.0_221]
	at java.lang.ClassLoader.loadClass(Unknown Source) ~[?:1.8.0_221]
	at java.lang.ClassLoader.loadClass(Unknown Source) ~[?:1.8.0_221]
	... 16 more
2020-02-13 13:25:41,399 INFO o.j.r.PluginManager: Plugins Status: [jpgc-graphs-basic=2.0, jpgc-graphs-additional=1.4.0, jpgc-autostop=1.4.0, jpgc-sense=1.4.0, jpgc-graphs-composite=1.4.0, jpgc-csl=1.4.0, jpgc-functions=1.4.0, jpgc-casutg=1.4.0, jpgc-dbmon=1.4.0, jpgc-graphs-dist=1.4.0, jpgc-dummy=1.4.0, jpgc-ffw=1.4.0, jpgc-ggl=1.4.0, jpgc-httpraw=1.4.0, jpgc-sts=1.4.0, jpgc-fifo=1.4.0, jpgc-jmxmon=1.4.0, jpgc-graphs-vs=1.4.0, jpgc-lockfile=1.4.0, jpgc-mergeresults=1.4.0, jpgc-pde=1.4.0, jpgc-prmctl=1.4.0, jpgc-perfmon=1.4.0, jpgc-plugins-manager=0.20, jpgc-synthesis=1.4.0, jpgc-tst=1.4.0, jpgc-udp=1.4.0, jpgc-csvars=1.4.0, jpgc-wsc=1.4.0, jpgc-xml=1.4.0, jmeter-core=5.1.1, jmeter-ftp=5.1.1, jmeter-http=5.1.1, jmeter-jdbc=5.1.1, jmeter-jms=5.1.1, jmeter-junit=5.1.1, jmeter-java=5.1.1, jmeter-ldap=5.1.1, jmeter-mail=5.1.1, jmeter-mongodb=5.1.1, jmeter-native=5.1.1, jmeter-tcp=5.1.1, jmeter-components=5.1.1, jpgc-standard=2.0]
2020-02-13 13:25:41,400 INFO o.j.r.PluginManagerMenuItem: Plugins Manager has upgrades: [jpgc-graphs-additional, jpgc-sense, jpgc-graphs-composite, jpgc-functions, jpgc-casutg, jpgc-graphs-dist, jpgc-ffw, jpgc-ggl, jpgc-sts, jpgc-graphs-vs, jpgc-mergeresults, jpgc-perfmon, jpgc-plugins-manager, jpgc-synthesis, jpgc-tst]
2020-02-13 13:25:41,429 INFO o.a.j.s.SampleResult: Note: Sample TimeStamps are START times
2020-02-13 13:25:41,429 INFO o.a.j.s.SampleResult: sampleresult.default.encoding is set to UTF-8
2020-02-13 13:25:41,429 INFO o.a.j.s.SampleResult: sampleresult.useNanoTime=true
2020-02-13 13:25:41,429 INFO o.a.j.s.SampleResult: sampleresult.nanoThreadSleep=5000
2020-02-13 13:25:44,188 INFO o.a.j.g.a.Load: Loading file: D:\apache-jmeter-5.1.1\bin\red加密接口脚本.jmx
2020-02-13 13:25:44,189 INFO o.a.j.s.FileServer: Set new base='D:\apache-jmeter-5.1.1\bin'
2020-02-13 13:25:44,274 INFO o.a.j.s.SaveService: Testplan (JMX) version: 2.2. Testlog (JTL) version: 2.2
2020-02-13 13:25:44,276 INFO o.a.j.s.SaveService: Using SaveService properties file encoding UTF-8
2020-02-13 13:25:44,278 INFO o.a.j.s.SaveService: Using SaveService properties version 5.0
2020-02-13 13:25:44,279 INFO o.a.j.s.SaveService: Loading file: D:\apache-jmeter-5.1.1\bin\red加密接口脚本.jmx
2020-02-13 13:25:44,281 WARN o.j.r.p.TestPlanAnalyzer: Cannot parse file: D:\apache-jmeter-5.1.1\bin\red加密接口脚本.jmx
java.net.MalformedURLException: unknown protocol: d
	at java.net.URL.<init>(Unknown Source) ~[?:1.8.0_221]
	at java.net.URL.<init>(Unknown Source) ~[?:1.8.0_221]
	at java.net.URL.<init>(Unknown Source) ~[?:1.8.0_221]
	at org.apache.xerces.impl.XMLEntityManager.setupCurrentEntity(Unknown Source) ~[xercesImpl-2.12.0.jar:2.12.0]
	at org.apache.xerces.impl.XMLVersionDetector.determineDocVersion(Unknown Source) ~[xercesImpl-2.12.0.jar:2.12.0]
	at org.apache.xerces.parsers.XML11Configuration.parse(Unknown Source) ~[xercesImpl-2.12.0.jar:?]
	at org.apache.xerces.parsers.XML11Configuration.parse(Unknown Source) ~[xercesImpl-2.12.0.jar:?]
	at org.apache.xerces.parsers.XMLParser.parse(Unknown Source) ~[xercesImpl-2.12.0.jar:?]
	at org.apache.xerces.parsers.DOMParser.parse(Unknown Source) ~[xercesImpl-2.12.0.jar:?]
	at org.apache.xerces.jaxp.DocumentBuilderImpl.parse(Unknown Source) ~[xercesImpl-2.12.0.jar:?]
	at javax.xml.parsers.DocumentBuilder.parse(Unknown Source) ~[?:1.8.0_221]
	at org.jmeterplugins.repository.plugins.TestPlanAnalyzer.getNodeListWithClassNames(TestPlanAnalyzer.java:58) ~[jmeter-plugins-manager-0.20.jar:?]
	at org.jmeterplugins.repository.plugins.TestPlanAnalyzer.analyze(TestPlanAnalyzer.java:32) ~[jmeter-plugins-manager-0.20.jar:?]
	at org.jmeterplugins.repository.plugins.PluginSuggester.analyzeTestPlan(PluginSuggester.java:51) ~[jmeter-plugins-manager-0.20.jar:?]
	at org.jmeterplugins.repository.plugins.PluginSuggester.findPluginsToInstall(PluginSuggester.java:44) ~[jmeter-plugins-manager-0.20.jar:?]
	at org.jmeterplugins.repository.plugins.PluginSuggester.checkAndSuggest(PluginSuggester.java:28) ~[jmeter-plugins-manager-0.20.jar:?]
	at org.jmeterplugins.repository.logging.LoggerAppender.append(LoggerAppender.java:33) ~[jmeter-plugins-manager-0.20.jar:?]
	at org.apache.logging.log4j.core.config.AppenderControl.tryCallAppender(AppenderControl.java:156) ~[log4j-core-2.11.1.jar:2.11.1]
	at org.apache.logging.log4j.core.config.AppenderControl.callAppender0(AppenderControl.java:129) ~[log4j-core-2.11.1.jar:2.11.1]
	at org.apache.logging.log4j.core.config.AppenderControl.callAppenderPreventRecursion(AppenderControl.java:120) ~[log4j-core-2.11.1.jar:2.11.1]
	at org.apache.logging.log4j.core.config.AppenderControl.callAppender(AppenderControl.java:84) ~[log4j-core-2.11.1.jar:2.11.1]
	at org.apache.logging.log4j.core.config.LoggerConfig.callAppenders(LoggerConfig.java:464) ~[log4j-core-2.11.1.jar:2.11.1]
	at org.apache.logging.log4j.core.config.LoggerConfig.processLogEvent(LoggerConfig.java:448) ~[log4j-core-2.11.1.jar:2.11.1]
	at org.apache.logging.log4j.core.config.LoggerConfig.log(LoggerConfig.java:431) ~[log4j-core-2.11.1.jar:2.11.1]
	at org.apache.logging.log4j.core.config.LoggerConfig.log(LoggerConfig.java:406) ~[log4j-core-2.11.1.jar:2.11.1]
	at org.apache.logging.log4j.core.config.AwaitCompletionReliabilityStrategy.log(AwaitCompletionReliabilityStrategy.java:63) ~[log4j-core-2.11.1.jar:2.11.1]
	at org.apache.logging.log4j.core.Logger.logMessage(Logger.java:146) ~[log4j-core-2.11.1.jar:2.11.1]
	at org.apache.logging.log4j.spi.AbstractLogger.tryLogMessage(AbstractLogger.java:2170) ~[log4j-api-2.11.1.jar:2.11.1]
	at org.apache.logging.log4j.spi.AbstractLogger.logMessageTrackRecursion(AbstractLogger.java:2125) ~[log4j-api-2.11.1.jar:2.11.1]
	at org.apache.logging.log4j.spi.AbstractLogger.logMessageSafely(AbstractLogger.java:2108) ~[log4j-api-2.11.1.jar:2.11.1]
	at org.apache.logging.log4j.spi.AbstractLogger.logMessage(AbstractLogger.java:2019) ~[log4j-api-2.11.1.jar:2.11.1]
	at org.apache.logging.log4j.spi.AbstractLogger.logIfEnabled(AbstractLogger.java:1890) ~[log4j-api-2.11.1.jar:2.11.1]
	at org.apache.logging.slf4j.Log4jLogger.info(Log4jLogger.java:184) ~[log4j-slf4j-impl-2.11.1.jar:2.11.1]
	at org.apache.jmeter.save.SaveService.loadTree(SaveService.java:428) ~[ApacheJMeter_core.jar:5.1.1 r1855137]
	at org.apache.jmeter.gui.action.Load.loadProjectFile(Load.java:130) ~[ApacheJMeter_core.jar:5.1.1 r1855137]
	at org.apache.jmeter.gui.action.Load.loadProjectFile(Load.java:102) ~[ApacheJMeter_core.jar:5.1.1 r1855137]
	at org.apache.jmeter.gui.action.LoadRecentProject.doActionAfterCheck(LoadRecentProject.java:67) ~[ApacheJMeter_core.jar:5.1.1 r1855137]
	at org.apache.jmeter.gui.action.AbstractActionWithNoRunningTest.doAction(AbstractActionWithNoRunningTest.java:45) ~[ApacheJMeter_core.jar:5.1.1 r1855137]
	at org.apache.jmeter.gui.action.ActionRouter.performAction(ActionRouter.java:88) ~[ApacheJMeter_core.jar:5.1.1 r1855137]
	at org.apache.jmeter.gui.action.ActionRouter.lambda$actionPerformed$0(ActionRouter.java:70) ~[ApacheJMeter_core.jar:5.1.1 r1855137]
	at java.awt.event.InvocationEvent.dispatch(Unknown Source) [?:1.8.0_221]
	at java.awt.EventQueue.dispatchEventImpl(Unknown Source) [?:1.8.0_221]
	at java.awt.EventQueue.access$500(Unknown Source) [?:1.8.0_221]
	at java.awt.EventQueue$3.run(Unknown Source) [?:1.8.0_221]
	at java.awt.EventQueue$3.run(Unknown Source) [?:1.8.0_221]
	at java.security.AccessController.doPrivileged(Native Method) [?:1.8.0_221]
	at java.security.ProtectionDomain$JavaSecurityAccessImpl.doIntersectionPrivilege(Unknown Source) [?:1.8.0_221]
	at java.awt.EventQueue.dispatchEvent(Unknown Source) [?:1.8.0_221]
	at java.awt.EventDispatchThread.pumpOneEventForFilters(Unknown Source) [?:1.8.0_221]
	at java.awt.EventDispatchThread.pumpEventsForFilter(Unknown Source) [?:1.8.0_221]
	at java.awt.EventDispatchThread.pumpEventsForHierarchy(Unknown Source) [?:1.8.0_221]
	at java.awt.EventDispatchThread.pumpEvents(Unknown Source) [?:1.8.0_221]
	at java.awt.EventDispatchThread.pumpEvents(Unknown Source) [?:1.8.0_221]
	at java.awt.EventDispatchThread.run(Unknown Source) [?:1.8.0_221]
2020-02-13 13:25:44,901 INFO o.a.j.s.FileServer: Set new base='D:\apache-jmeter-5.1.1\bin'
2020-02-14 09:57:10,276 INFO o.a.j.e.StandardJMeterEngine: Running the test!
2020-02-14 09:57:10,279 INFO o.a.j.s.SampleEvent: List of sample_variables: []
2020-02-14 09:57:10,279 INFO o.a.j.s.SampleEvent: List of sample_variables: []
2020-02-14 09:57:10,281 INFO o.a.j.e.u.CompoundVariable: Note: Function class names must contain the string: '.functions.'
2020-02-14 09:57:10,281 INFO o.a.j.e.u.CompoundVariable: Note: Function class names must not contain the string: '.gui.'
2020-02-14 09:57:10,362 INFO o.a.j.t.TestPlan: added D:\apache-jmeter-5.1.1\bin\red_rsa-1.0-SNAPSHOT-jar-with-dependencies.jar to classpath
2020-02-14 09:57:10,363 INFO o.a.j.t.TestPlan: added D:\apache-jmeter-5.1.1\bin\fastjson-1.2.62.jar to classpath
2020-02-14 09:57:10,374 INFO o.a.j.g.u.JMeterMenuBar: setRunning(true, *local*)
2020-02-14 09:57:10,608 INFO o.a.j.e.StandardJMeterEngine: Starting ThreadGroup: 1 : 线程组
2020-02-14 09:57:10,608 INFO o.a.j.e.StandardJMeterEngine: Starting 1 threads for group 线程组.
2020-02-14 09:57:10,608 INFO o.a.j.e.StandardJMeterEngine: Thread will continue on error
2020-02-14 09:57:10,609 INFO o.a.j.t.ThreadGroup: Starting thread group... number=1 threads=1 ramp-up=1 delayedStart=false
2020-02-14 09:57:10,627 INFO o.a.j.t.ThreadGroup: Started thread group number 1
2020-02-14 09:57:10,627 INFO o.a.j.e.StandardJMeterEngine: All thread groups have been started
2020-02-14 09:57:10,629 INFO o.a.j.t.JMeterThread: Thread started: 线程组 1-1
2020-02-14 09:57:10,631 INFO o.a.j.s.FileServer: Stored: C:/Users/admin/Desktop/users/b .txt
2020-02-14 09:57:10,632 INFO o.a.j.s.FileServer: Stored: D:/apache-jmeter-5.1.1/redpacket/Regis.txt
2020-02-14 09:57:10,752 INFO o.a.j.p.h.s.HTTPHCAbstractImpl: Local host = DESKTOP-DP6GTV0
2020-02-14 09:57:10,758 INFO o.a.j.p.h.s.HTTPHC4Impl: HTTP request retry count = 0
2020-02-14 09:57:11,226 INFO o.a.j.u.BeanShellTestElement: null
2020-02-14 09:57:11,242 INFO o.a.j.u.JsseSSLManager: Using default SSL protocol: TLS
2020-02-14 09:57:11,243 INFO o.a.j.u.JsseSSLManager: SSL session context: per-thread
2020-02-14 09:57:11,312 INFO o.a.j.u.BeanShellTestElement: null
2020-02-14 09:57:11,393 INFO o.a.j.u.BeanShellTestElement: null
2020-02-14 09:57:11,456 INFO o.a.j.u.BeanShellTestElement: null
2020-02-14 09:57:11,519 INFO o.a.j.u.BeanShellTestElement: null
2020-02-14 09:57:11,612 INFO o.a.j.u.BeanShellTestElement: null
2020-02-14 09:57:11,724 INFO o.a.j.u.BeanShellTestElement: null
2020-02-14 09:57:11,807 INFO o.a.j.u.BeanShellTestElement: null
2020-02-14 09:57:11,864 INFO o.a.j.u.BeanShellTestElement: null
2020-02-14 09:57:11,971 INFO o.a.j.u.BeanShellTestElement: null
2020-02-14 09:57:12,031 INFO o.a.j.u.BeanShellTestElement: null
2020-02-14 09:57:12,140 INFO o.a.j.u.BeanShellTestElement: null
2020-02-14 09:57:12,208 INFO o.a.j.u.BeanShellTestElement: null
2020-02-14 09:57:12,340 INFO o.a.j.u.BeanShellTestElement: null
2020-02-14 09:57:12,410 INFO o.a.j.u.BeanShellTestElement: null
2020-02-14 09:57:12,475 INFO o.a.j.u.BeanShellTestElement: null
2020-02-14 09:57:12,545 INFO o.a.j.u.BeanShellTestElement: null
2020-02-14 09:57:12,621 INFO o.a.j.u.BeanShellTestElement: null
2020-02-14 09:57:12,701 INFO o.a.j.u.BeanShellTestElement: null
2020-02-14 09:57:12,759 INFO o.a.j.u.BeanShellTestElement: null
2020-02-14 09:57:12,828 INFO o.a.j.u.BeanShellTestElement: null
2020-02-14 09:57:12,881 INFO o.a.j.u.BeanShellTestElement: null
2020-02-14 09:57:12,966 INFO o.a.j.u.BeanShellTestElement: null
2020-02-14 09:57:13,033 INFO o.a.j.u.BeanShellTestElement: null
2020-02-14 09:57:13,095 INFO o.a.j.u.BeanShellTestElement: null
2020-02-14 09:57:13,158 INFO o.a.j.u.BeanShellTestElement: null
2020-02-14 09:57:13,220 INFO o.a.j.u.BeanShellTestElement: null
2020-02-14 09:57:13,295 INFO o.a.j.u.BeanShellTestElement: null
2020-02-14 09:57:13,379 INFO o.a.j.u.BeanShellTestElement: null
2020-02-14 09:57:13,444 INFO o.a.j.u.BeanShellTestElement: null
2020-02-14 09:57:13,679 INFO o.a.j.u.BeanShellTestElement: null
2020-02-14 09:57:13,749 INFO o.a.j.u.BeanShellTestElement: null
2020-02-14 09:57:13,811 INFO o.a.j.u.BeanShellTestElement: null
2020-02-14 09:57:13,871 INFO o.a.j.u.BeanShellTestElement: null
2020-02-14 09:57:13,940 INFO o.a.j.u.BeanShellTestElement: null
2020-02-14 09:57:14,012 INFO o.a.j.u.BeanShellTestElement: null
2020-02-14 09:57:14,077 INFO o.a.j.u.BeanShellTestElement: null
2020-02-14 09:57:14,145 INFO o.a.j.u.BeanShellTestElement: null
2020-02-14 09:57:14,239 INFO o.a.j.u.BeanShellTestElement: null
2020-02-14 09:57:14,312 INFO o.a.j.u.BeanShellTestElement: null
2020-02-14 09:57:14,365 INFO o.a.j.u.BeanShellTestElement: null
2020-02-14 09:57:14,414 INFO o.a.j.u.BeanShellTestElement: null
2020-02-14 09:57:14,489 INFO o.a.j.u.BeanShellTestElement: null
2020-02-14 09:57:14,555 INFO o.a.j.u.BeanShellTestElement: null
2020-02-14 09:57:14,616 INFO o.a.j.u.BeanShellTestElement: null
2020-02-14 09:57:14,669 INFO o.a.j.u.BeanShellTestElement: null
2020-02-14 09:57:14,741 INFO o.a.j.u.BeanShellTestElement: null
2020-02-14 09:57:14,808 INFO o.a.j.u.BeanShellTestElement: null
2020-02-14 09:57:14,860 INFO o.a.j.u.BeanShellTestElement: null
2020-02-14 09:57:14,923 INFO o.a.j.u.BeanShellTestElement: null
2020-02-14 09:57:14,975 INFO o.a.j.u.BeanShellTestElement: null
2020-02-14 09:57:15,036 INFO o.a.j.u.BeanShellTestElement: null
2020-02-14 09:57:15,103 INFO o.a.j.u.BeanShellTestElement: null
2020-02-14 09:57:15,181 INFO o.a.j.u.BeanShellTestElement: null
2020-02-14 09:57:15,245 INFO o.a.j.u.BeanShellTestElement: null
2020-02-14 09:57:15,328 INFO o.a.j.u.BeanShellTestElement: null
2020-02-14 09:57:15,396 INFO o.a.j.u.BeanShellTestElement: null
2020-02-14 09:57:15,446 INFO o.a.j.u.BeanShellTestElement: null
2020-02-14 09:57:15,494 INFO o.a.j.u.BeanShellTestElement: null
2020-02-14 09:57:15,543 INFO o.a.j.u.BeanShellTestElement: null
2020-02-14 09:57:15,652 INFO o.a.j.u.BeanShellTestElement: null
2020-02-14 09:57:15,702 INFO o.a.j.u.BeanShellTestElement: null
2020-02-14 09:57:15,788 INFO o.a.j.u.BeanShellTestElement: null
2020-02-14 09:57:15,849 INFO o.a.j.u.BeanShellTestElement: null
2020-02-14 09:57:15,921 INFO o.a.j.u.BeanShellTestElement: null
2020-02-14 09:57:16,003 INFO o.a.j.u.BeanShellTestElement: null
2020-02-14 09:57:16,057 INFO o.a.j.u.BeanShellTestElement: null
2020-02-14 09:57:16,127 INFO o.a.j.u.BeanShellTestElement: null
2020-02-14 09:57:16,187 INFO o.a.j.u.BeanShellTestElement: null
2020-02-14 09:57:16,248 INFO o.a.j.u.BeanShellTestElement: null
2020-02-14 09:57:16,308 INFO o.a.j.u.BeanShellTestElement: null
2020-02-14 09:57:16,379 INFO o.a.j.u.BeanShellTestElement: null
2020-02-14 09:57:16,432 INFO o.a.j.u.BeanShellTestElement: null
2020-02-14 09:57:16,489 INFO o.a.j.u.BeanShellTestElement: null
2020-02-14 09:57:16,555 INFO o.a.j.u.BeanShellTestElement: null
2020-02-14 09:57:16,644 INFO o.a.j.u.BeanShellTestElement: null
2020-02-14 09:57:16,694 INFO o.a.j.u.BeanShellTestElement: null
2020-02-14 09:57:16,743 INFO o.a.j.u.BeanShellTestElement: null
2020-02-14 09:57:16,809 INFO o.a.j.u.BeanShellTestElement: null
2020-02-14 09:57:16,871 INFO o.a.j.u.BeanShellTestElement: null
2020-02-14 09:57:16,925 INFO o.a.j.u.BeanShellTestElement: null
2020-02-14 09:57:16,988 INFO o.a.j.u.BeanShellTestElement: null
2020-02-14 09:57:17,056 INFO o.a.j.u.BeanShellTestElement: null
2020-02-14 09:57:17,111 INFO o.a.j.u.BeanShellTestElement: null
2020-02-14 09:57:17,177 INFO o.a.j.u.BeanShellTestElement: null
2020-02-14 09:57:17,229 INFO o.a.j.u.BeanShellTestElement: null
2020-02-14 09:57:17,299 INFO o.a.j.u.BeanShellTestElement: null
2020-02-14 09:57:17,359 INFO o.a.j.u.BeanShellTestElement: null
2020-02-14 09:57:17,417 INFO o.a.j.u.BeanShellTestElement: null
2020-02-14 09:57:17,486 INFO o.a.j.u.BeanShellTestElement: null
2020-02-14 09:57:17,536 INFO o.a.j.u.BeanShellTestElement: null
2020-02-14 09:57:18,083 INFO o.a.j.u.BeanShellTestElement: null
2020-02-14 09:57:18,151 INFO o.a.j.u.BeanShellTestElement: null
2020-02-14 09:57:18,216 INFO o.a.j.u.BeanShellTestElement: null
2020-02-14 09:57:18,288 INFO o.a.j.u.BeanShellTestElement: null
2020-02-14 09:57:18,348 INFO o.a.j.u.BeanShellTestElement: null
2020-02-14 09:57:18,419 INFO o.a.j.u.BeanShellTestElement: null
2020-02-14 09:57:18,489 INFO o.a.j.u.BeanShellTestElement: null
2020-02-14 09:57:18,544 INFO o.a.j.u.BeanShellTestElement: null
2020-02-14 09:57:18,606 INFO o.a.j.u.BeanShellTestElement: null
2020-02-14 09:57:18,663 INFO o.a.j.u.BeanShellTestElement: null
2020-02-14 09:57:18,733 INFO o.a.j.u.BeanShellTestElement: null
2020-02-14 09:57:18,813 INFO o.a.j.u.BeanShellTestElement: null
2020-02-14 09:57:18,873 INFO o.a.j.u.BeanShellTestElement: null
2020-02-14 09:57:18,943 INFO o.a.j.u.BeanShellTestElement: null
2020-02-14 09:57:19,145 INFO o.a.j.u.BeanShellTestElement: null
2020-02-14 09:57:19,194 INFO o.a.j.u.BeanShellTestElement: null
2020-02-14 09:57:19,266 INFO o.a.j.u.BeanShellTestElement: null
2020-02-14 09:57:19,346 INFO o.a.j.u.BeanShellTestElement: null
2020-02-14 09:57:19,420 INFO o.a.j.u.BeanShellTestElement: null
2020-02-14 09:57:19,500 INFO o.a.j.u.BeanShellTestElement: null
2020-02-14 09:57:19,614 INFO o.a.j.u.BeanShellTestElement: null
2020-02-14 09:57:19,692 INFO o.a.j.u.BeanShellTestElement: null
2020-02-14 09:57:19,752 INFO o.a.j.u.BeanShellTestElement: null
2020-02-14 09:57:19,822 INFO o.a.j.u.BeanShellTestElement: null
2020-02-14 09:57:19,916 INFO o.a.j.u.BeanShellTestElement: null
2020-02-14 09:57:19,989 INFO o.a.j.u.BeanShellTestElement: null
2020-02-14 09:57:20,048 INFO o.a.j.u.BeanShellTestElement: null
2020-02-14 09:57:20,114 INFO o.a.j.u.BeanShellTestElement: null
2020-02-14 09:57:20,176 INFO o.a.j.u.BeanShellTestElement: null
2020-02-14 09:57:20,225 INFO o.a.j.u.BeanShellTestElement: null
2020-02-14 09:57:20,289 INFO o.a.j.u.BeanShellTestElement: null
2020-02-14 09:57:20,338 INFO o.a.j.u.BeanShellTestElement: null
2020-02-14 09:57:20,421 INFO o.a.j.u.BeanShellTestElement: null
2020-02-14 09:57:20,507 INFO o.a.j.u.BeanShellTestElement: null
2020-02-14 09:57:20,600 INFO o.a.j.u.BeanShellTestElement: null
2020-02-14 09:57:20,678 INFO o.a.j.u.BeanShellTestElement: null
2020-02-14 09:57:20,761 INFO o.a.j.u.BeanShellTestElement: null
2020-02-14 09:57:20,841 INFO o.a.j.u.BeanShellTestElement: null
2020-02-14 09:57:20,913 INFO o.a.j.u.BeanShellTestElement: null
2020-02-14 09:57:21,105 INFO o.a.j.u.BeanShellTestElement: null
2020-02-14 09:57:21,173 INFO o.a.j.u.BeanShellTestElement: null
2020-02-14 09:57:21,248 INFO o.a.j.u.BeanShellTestElement: null
2020-02-14 09:57:21,334 INFO o.a.j.u.BeanShellTestElement: null
2020-02-14 09:57:21,403 INFO o.a.j.u.BeanShellTestElement: null
2020-02-14 09:57:21,494 INFO o.a.j.u.BeanShellTestElement: null
2020-02-14 09:57:21,555 INFO o.a.j.u.BeanShellTestElement: null
2020-02-14 09:57:21,605 INFO o.a.j.u.BeanShellTestElement: null
2020-02-14 09:57:21,745 INFO o.a.j.u.BeanShellTestElement: null
2020-02-14 09:57:21,810 INFO o.a.j.u.BeanShellTestElement: null
2020-02-14 09:57:21,894 INFO o.a.j.u.BeanShellTestElement: null
2020-02-14 09:57:21,988 INFO o.a.j.u.BeanShellTestElement: null
2020-02-14 09:57:22,063 INFO o.a.j.u.BeanShellTestElement: null
2020-02-14 09:57:22,138 INFO o.a.j.u.BeanShellTestElement: null
2020-02-14 09:57:22,207 INFO o.a.j.u.BeanShellTestElement: null
2020-02-14 09:57:22,278 INFO o.a.j.u.BeanShellTestElement: null
2020-02-14 09:57:22,364 INFO o.a.j.u.BeanShellTestElement: null
2020-02-14 09:57:22,445 INFO o.a.j.u.BeanShellTestElement: null
2020-02-14 09:57:22,515 INFO o.a.j.u.BeanShellTestElement: null
2020-02-14 09:57:22,590 INFO o.a.j.u.BeanShellTestElement: null
2020-02-14 09:57:22,653 INFO o.a.j.u.BeanShellTestElement: null
2020-02-14 09:57:22,805 INFO o.a.j.u.BeanShellTestElement: null
2020-02-14 09:57:22,867 INFO o.a.j.u.BeanShellTestElement: null
2020-02-14 09:57:22,928 INFO o.a.j.u.BeanShellTestElement: null
2020-02-14 09:57:22,976 INFO o.a.j.u.BeanShellTestElement: null
2020-02-14 09:57:23,058 INFO o.a.j.u.BeanShellTestElement: null
2020-02-14 09:57:23,114 INFO o.a.j.u.BeanShellTestElement: null
2020-02-14 09:57:23,178 INFO o.a.j.u.BeanShellTestElement: null
2020-02-14 09:57:23,227 INFO o.a.j.u.BeanShellTestElement: null
2020-02-14 09:57:23,295 INFO o.a.j.u.BeanShellTestElement: null
2020-02-14 09:57:23,380 INFO o.a.j.u.BeanShellTestElement: null
2020-02-14 09:57:23,454 INFO o.a.j.u.BeanShellTestElement: null
2020-02-14 09:57:23,527 INFO o.a.j.u.BeanShellTestElement: null
2020-02-14 09:57:23,664 INFO o.a.j.u.BeanShellTestElement: null
2020-02-14 09:57:23,733 INFO o.a.j.u.BeanShellTestElement: null
2020-02-14 09:57:23,820 INFO o.a.j.u.BeanShellTestElement: null
2020-02-14 09:57:23,871 INFO o.a.j.u.BeanShellTestElement: null
2020-02-14 09:57:23,957 INFO o.a.j.u.BeanShellTestElement: null
2020-02-14 09:57:24,024 INFO o.a.j.u.BeanShellTestElement: null
2020-02-14 09:57:24,074 INFO o.a.j.u.BeanShellTestElement: null
2020-02-14 09:57:24,163 INFO o.a.j.u.BeanShellTestElement: null
2020-02-14 09:57:24,223 INFO o.a.j.u.BeanShellTestElement: null
2020-02-14 09:57:24,311 INFO o.a.j.u.BeanShellTestElement: null
2020-02-14 09:57:24,377 INFO o.a.j.u.BeanShellTestElement: null
2020-02-14 09:57:24,471 INFO o.a.j.u.BeanShellTestElement: null
2020-02-14 09:57:24,546 INFO o.a.j.u.BeanShellTestElement: null
2020-02-14 09:57:24,639 INFO o.a.j.u.BeanShellTestElement: null
2020-02-14 09:57:24,729 INFO o.a.j.u.BeanShellTestElement: null
2020-02-14 09:57:24,790 INFO o.a.j.u.BeanShellTestElement: null
2020-02-14 09:57:24,856 INFO o.a.j.u.BeanShellTestElement: null
2020-02-14 09:57:24,918 INFO o.a.j.u.BeanShellTestElement: null
2020-02-14 09:57:24,971 INFO o.a.j.u.BeanShellTestElement: null
2020-02-14 09:57:25,050 INFO o.a.j.u.BeanShellTestElement: null
2020-02-14 09:57:25,135 INFO o.a.j.u.BeanShellTestElement: null
2020-02-14 09:57:25,208 INFO o.a.j.u.BeanShellTestElement: null
2020-02-14 09:57:25,274 INFO o.a.j.u.BeanShellTestElement: null
2020-02-14 09:57:25,354 INFO o.a.j.u.BeanShellTestElement: null
2020-02-14 09:57:25,420 INFO o.a.j.u.BeanShellTestElement: null
2020-02-14 09:57:25,577 INFO o.a.j.u.BeanShellTestElement: null
2020-02-14 09:57:25,741 INFO o.a.j.u.BeanShellTestElement: null
2020-02-14 09:57:25,803 INFO o.a.j.u.BeanShellTestElement: null
2020-02-14 09:57:25,884 INFO o.a.j.u.BeanShellTestElement: null
2020-02-14 09:57:25,947 INFO o.a.j.u.BeanShellTestElement: null
2020-02-14 09:57:26,008 INFO o.a.j.u.BeanShellTestElement: null
2020-02-14 09:57:26,070 INFO o.a.j.u.BeanShellTestElement: null
2020-02-14 09:57:26,120 INFO o.a.j.u.BeanShellTestElement: null
2020-02-14 09:57:26,192 INFO o.a.j.u.BeanShellTestElement: null
2020-02-14 09:57:26,269 INFO o.a.j.u.BeanShellTestElement: null
2020-02-14 09:57:26,331 INFO o.a.j.u.BeanShellTestElement: null
2020-02-14 09:57:26,381 INFO o.a.j.u.BeanShellTestElement: null
2020-02-14 09:57:26,382 INFO o.a.j.t.JMeterThread: Thread is done: 线程组 1-1
2020-02-14 09:57:26,382 INFO o.a.j.t.JMeterThread: Thread finished: 线程组 1-1
2020-02-14 09:57:26,383 INFO o.a.j.e.StandardJMeterEngine: Notifying test listeners of end of test
2020-02-14 09:57:26,383 INFO o.a.j.s.FileServer: Close: C:/Users/admin/Desktop/users/b .txt
2020-02-14 09:57:26,384 INFO o.a.j.s.FileServer: Close: D:/apache-jmeter-5.1.1/redpacket/Regis.txt
2020-02-14 09:57:26,385 INFO o.a.j.g.u.JMeterMenuBar: setRunning(false, *local*)
2020-02-14 14:58:12,706 INFO o.a.j.s.FileServer: Set new base='C:\Users\admin\Desktop\users'
2020-02-14 14:58:18,950 INFO o.a.j.e.StandardJMeterEngine: Running the test!
2020-02-14 14:58:18,951 INFO o.a.j.s.SampleEvent: List of sample_variables: []
2020-02-14 14:58:18,952 INFO o.a.j.g.u.JMeterMenuBar: setRunning(true, *local*)
2020-02-14 14:58:19,221 INFO o.a.j.e.StandardJMeterEngine: Starting ThreadGroup: 1 : 线程组
2020-02-14 14:58:19,221 INFO o.a.j.e.StandardJMeterEngine: Starting 1 threads for group 线程组.
2020-02-14 14:58:19,221 INFO o.a.j.e.StandardJMeterEngine: Thread will continue on error
2020-02-14 14:58:19,221 INFO o.a.j.t.ThreadGroup: Starting thread group... number=1 threads=1 ramp-up=1 delayedStart=false
2020-02-14 14:58:19,222 INFO o.a.j.t.ThreadGroup: Started thread group number 1
2020-02-14 14:58:19,222 INFO o.a.j.e.StandardJMeterEngine: All thread groups have been started
2020-02-14 14:58:19,222 INFO o.a.j.t.JMeterThread: Thread started: 线程组 1-1
2020-02-14 14:58:19,223 INFO o.a.j.s.FileServer: Stored: C:/Users/admin/Desktop/users/b .txt
2020-02-14 14:58:19,251 INFO o.a.j.p.h.s.h.LazyLayeredConnectionSocketFactory: Setting up HTTPS TrustAll Socket Factory
2020-02-14 14:58:19,271 INFO o.a.j.u.SSLManager: JmeterKeyStore Location:  type JKS
2020-02-14 14:58:19,272 INFO o.a.j.u.SSLManager: KeyStore created OK
2020-02-14 14:58:19,272 WARN o.a.j.u.SSLManager: Keystore file not found, loading empty keystore
2020-02-14 14:58:19,697 INFO o.a.j.t.JMeterThread: Thread is done: 线程组 1-1
2020-02-14 14:58:19,697 INFO o.a.j.t.JMeterThread: Thread finished: 线程组 1-1
2020-02-14 14:58:19,698 INFO o.a.j.e.StandardJMeterEngine: Notifying test listeners of end of test
2020-02-14 14:58:19,698 INFO o.a.j.s.FileServer: Close: C:/Users/admin/Desktop/users/b .txt
2020-02-14 14:58:19,698 INFO o.a.j.g.u.JMeterMenuBar: setRunning(false, *local*)
2020-02-14 14:59:50,165 INFO o.a.j.e.StandardJMeterEngine: Running the test!
2020-02-14 14:59:50,166 INFO o.a.j.s.SampleEvent: List of sample_variables: []
2020-02-14 14:59:50,166 INFO o.a.j.g.u.JMeterMenuBar: setRunning(true, *local*)
2020-02-14 14:59:50,173 INFO o.a.j.e.StandardJMeterEngine: Starting ThreadGroup: 1 : 线程组
2020-02-14 14:59:50,175 INFO o.a.j.e.StandardJMeterEngine: Starting 1 threads for group 线程组.
2020-02-14 14:59:50,176 INFO o.a.j.e.StandardJMeterEngine: Thread will continue on error
2020-02-14 14:59:50,178 INFO o.a.j.t.ThreadGroup: Starting thread group... number=1 threads=1 ramp-up=1 delayedStart=false
2020-02-14 14:59:50,179 INFO o.a.j.t.ThreadGroup: Started thread group number 1
2020-02-14 14:59:50,179 INFO o.a.j.e.StandardJMeterEngine: All thread groups have been started
2020-02-14 14:59:50,179 INFO o.a.j.t.JMeterThread: Thread started: 线程组 1-1
2020-02-14 14:59:50,179 INFO o.a.j.s.FileServer: Stored: C:/Users/admin/Desktop/users/b .txt
2020-02-14 14:59:51,481 INFO o.a.j.t.JMeterThread: Thread is done: 线程组 1-1
2020-02-14 14:59:51,481 INFO o.a.j.t.JMeterThread: Thread finished: 线程组 1-1
2020-02-14 14:59:51,481 INFO o.a.j.e.StandardJMeterEngine: Notifying test listeners of end of test
2020-02-14 14:59:51,481 INFO o.a.j.s.FileServer: Close: C:/Users/admin/Desktop/users/b .txt
2020-02-14 14:59:51,482 INFO o.a.j.g.u.JMeterMenuBar: setRunning(false, *local*)
