2019-10-22 12:03:15,428 INFO o.a.j.u.JMeterUtils: Setting Locale to en_EN
2019-10-22 12:03:15,437 INFO o.a.j.JMeter: Loading user properties from: user.properties
2019-10-22 12:03:15,437 INFO o.a.j.JMeter: Loading system properties from: system.properties
2019-10-22 12:03:15,441 INFO o.a.j.JMeter: Copyright (c) 1998-2019 The Apache Software Foundation
2019-10-22 12:03:15,441 INFO o.a.j.JMeter: Version 5.1.1 r1855137
2019-10-22 12:03:15,441 INFO o.a.j.JMeter: java.version=1.8.0_221
2019-10-22 12:03:15,441 INFO o.a.j.JMeter: java.vm.name=Java HotSpot(TM) 64-Bit Server VM
2019-10-22 12:03:15,441 INFO o.a.j.JMeter: os.name=Windows 10
2019-10-22 12:03:15,441 INFO o.a.j.JMeter: os.arch=amd64
2019-10-22 12:03:15,441 INFO o.a.j.JMeter: os.version=10.0
2019-10-22 12:03:15,441 INFO o.a.j.JMeter: file.encoding=GBK
2019-10-22 12:03:15,441 INFO o.a.j.JMeter: java.awt.headless=true
2019-10-22 12:03:15,442 INFO o.a.j.JMeter: Max memory     =1073741824
2019-10-22 12:03:15,442 INFO o.a.j.JMeter: Available Processors =12
2019-10-22 12:03:15,444 INFO o.a.j.JMeter: Default Locale=English (EN)
2019-10-22 12:03:15,444 INFO o.a.j.JMeter: JMeter  Locale=English (EN)
2019-10-22 12:03:15,444 INFO o.a.j.JMeter: JMeterHome=D:\apache-jmeter-5.1.1
2019-10-22 12:03:15,444 INFO o.a.j.JMeter: user.dir  =D:\apache-jmeter-5.1.1\bin
2019-10-22 12:03:15,445 INFO o.a.j.JMeter: PWD       =D:\apache-jmeter-5.1.1\bin
2019-10-22 12:03:15,447 INFO o.a.j.JMeter: IP: 10.14.23.66 Name: DESKTOP-DP6GTV0 FullName: DESKTOP-DP6GTV0
2019-10-22 12:03:15,456 INFO o.a.j.r.RmiUtils: System property 'java.rmi.server.hostname' is not defined, using localHost address
2019-10-22 12:03:15,456 INFO o.a.j.r.RmiUtils: Local IP address=10.14.23.66
2019-10-22 12:03:15,873 INFO o.a.j.r.SSLRMIServerSocketFactory: Created SSLSocket: [SSL: ServerSocket[addr=DESKTOP-DP6GTV0/10.14.23.66,localport=59930]]
2019-10-22 12:03:15,878 INFO o.a.j.e.RemoteJMeterEngineImpl: Starting backing engine on 1099
2019-10-22 12:03:15,878 INFO o.a.j.r.RmiUtils: System property 'java.rmi.server.hostname' is not defined, using localHost address
2019-10-22 12:03:15,878 INFO o.a.j.r.RmiUtils: Local IP address=10.14.23.66
2019-10-22 12:03:15,878 INFO o.a.j.e.RemoteJMeterEngineImpl: IP address is a site-local address; this may cause problems with remote access.
	Can be overridden by defining the system property 'java.rmi.server.hostname' - see jmeter-server script file
2019-10-22 12:03:15,878 INFO o.a.j.e.RemoteJMeterEngineImpl: Creating RMI registry (server.rmi.create=true)
2019-10-22 12:03:15,878 INFO o.a.j.r.RmiUtils: System property 'java.rmi.server.hostname' is not defined, using localHost address
2019-10-22 12:03:15,878 INFO o.a.j.r.RmiUtils: Local IP address=10.14.23.66
2019-10-22 12:03:15,880 INFO o.a.j.r.SSLRMIServerSocketFactory: Created SSLSocket: [SSL: ServerSocket[addr=DESKTOP-DP6GTV0/10.14.23.66,localport=1099]]
2019-10-22 12:03:15,882 INFO o.a.j.e.RemoteJMeterEngineImpl: Bound to RMI registry on port 1099
